<?xml version="1.0" encoding="UTF-8"?>
<!-- Generated by org.testng.reporters.JUnitXMLReporter -->
<testsuite ignored="0" hostname="DESKTOP-7L9P12D" failures="0" tests="4" name="Test" time="55.106" errors="0" timestamp="2025-03-05T14:43:47 IST">
  <testcase classname="testscript.LoginTest" name="userLoginWithValidCredentials" time="5.768"/>
  <testcase classname="testscript.LoginTest" name="userLoginWithInvalidUsernameAndValidPassword" time="1.348"/>
  <testcase classname="testscript.LoginTest" name="userLoginWithvalidUsernameAndInvalidPassword" time="1.28"/>
  <testcase classname="testscript.LoginTest" name="userLoginWithInvalidUsernameAndInvalidPassword" time="1.485"/>
</testsuite> <!-- Test -->
