<?xml version="1.0" encoding="UTF-8"?>
<!-- Generated by org.testng.reporters.JUnitXMLReporter -->
<testsuite ignored="0" hostname="DESKTOP-7L9P12D" failures="0" tests="4" name="Test" time="20.92" errors="0" timestamp="2025-02-21T13:51:40 IST">
  <testcase classname="testscript.LoginTest" name="userLoginWithValidCredentails" time="0.951"/>
  <testcase classname="testscript.LoginTest" name="userLoginWithInvalidUsernameAndValidPassword" time="0.581"/>
  <testcase classname="testscript.LoginTest" name="userLoginWithvalidUsernameAndInvalidPassword" time="0.648"/>
  <testcase classname="testscript.LoginTest" name="userLoginWithInvalidUsernameAndInvalidPassword" time="0.99"/>
</testsuite> <!-- Test -->
