<?xml version="1.0" encoding="UTF-8"?>
<testng-results ignored="0" total="4" passed="4" failed="0" skipped="0">
  <reporter-output>
  </reporter-output>
  <suite started-at="2025-02-21T13:51:19 IST" name="Suite" finished-at="2025-02-21T13:51:40 IST" duration-ms="20920">
    <groups>
    </groups>
    <test started-at="2025-02-21T13:51:19 IST" name="Test" finished-at="2025-02-21T13:51:40 IST" duration-ms="20920">
      <class name="testscript.LoginTest">
        <test-method is-config="true" signature="initializeBrowser()[pri:0, instance:testscript.LoginTest@4c12331b]" started-at="2025-02-21T13:51:19 IST" name="initializeBrowser" finished-at="2025-02-21T13:51:24 IST" duration-ms="4958" status="PASS">
          <reporter-output>
          </reporter-output>
        </test-method> <!-- initializeBrowser -->
        <test-method signature="userLoginWithValidCredentails()[pri:1, instance:testscript.LoginTest@4c12331b]" started-at="2025-02-21T13:51:24 IST" name="userLoginWithValidCredentails" description="User login verification with valid credentials" finished-at="2025-02-21T13:51:25 IST" duration-ms="951" status="PASS">
          <reporter-output>
          </reporter-output>
        </test-method> <!-- userLoginWithValidCredentails -->
        <test-method is-config="true" signature="driverCloseAndQuit()[pri:0, instance:testscript.LoginTest@4c12331b]" started-at="2025-02-21T13:51:25 IST" name="driverCloseAndQuit" finished-at="2025-02-21T13:51:25 IST" duration-ms="2" status="PASS">
          <reporter-output>
          </reporter-output>
        </test-method> <!-- driverCloseAndQuit -->
        <test-method is-config="true" signature="initializeBrowser()[pri:0, instance:testscript.LoginTest@4c12331b]" started-at="2025-02-21T13:51:25 IST" name="initializeBrowser" finished-at="2025-02-21T13:51:27 IST" duration-ms="2368" status="PASS">
          <reporter-output>
          </reporter-output>
        </test-method> <!-- initializeBrowser -->
        <test-method signature="userLoginWithInvalidUsernameAndValidPassword()[pri:2, instance:testscript.LoginTest@4c12331b]" started-at="2025-02-21T13:51:27 IST" name="userLoginWithInvalidUsernameAndValidPassword" description="User login invalid username and valid password" finished-at="2025-02-21T13:51:28 IST" duration-ms="581" status="PASS">
          <reporter-output>
          </reporter-output>
        </test-method> <!-- userLoginWithInvalidUsernameAndValidPassword -->
        <test-method is-config="true" signature="driverCloseAndQuit()[pri:0, instance:testscript.LoginTest@4c12331b]" started-at="2025-02-21T13:51:28 IST" name="driverCloseAndQuit" finished-at="2025-02-21T13:51:28 IST" duration-ms="1" status="PASS">
          <reporter-output>
          </reporter-output>
        </test-method> <!-- driverCloseAndQuit -->
        <test-method is-config="true" signature="initializeBrowser()[pri:0, instance:testscript.LoginTest@4c12331b]" started-at="2025-02-21T13:51:28 IST" name="initializeBrowser" finished-at="2025-02-21T13:51:33 IST" duration-ms="4722" status="PASS">
          <reporter-output>
          </reporter-output>
        </test-method> <!-- initializeBrowser -->
        <test-method signature="userLoginWithvalidUsernameAndInvalidPassword()[pri:3, instance:testscript.LoginTest@4c12331b]" started-at="2025-02-21T13:51:33 IST" name="userLoginWithvalidUsernameAndInvalidPassword" description="User login valid username and invalid password" finished-at="2025-02-21T13:51:33 IST" duration-ms="648" status="PASS">
          <reporter-output>
          </reporter-output>
        </test-method> <!-- userLoginWithvalidUsernameAndInvalidPassword -->
        <test-method is-config="true" signature="driverCloseAndQuit()[pri:0, instance:testscript.LoginTest@4c12331b]" started-at="2025-02-21T13:51:33 IST" name="driverCloseAndQuit" finished-at="2025-02-21T13:51:33 IST" duration-ms="1" status="PASS">
          <reporter-output>
          </reporter-output>
        </test-method> <!-- driverCloseAndQuit -->
        <test-method is-config="true" signature="initializeBrowser()[pri:0, instance:testscript.LoginTest@4c12331b]" started-at="2025-02-21T13:51:33 IST" name="initializeBrowser" finished-at="2025-02-21T13:51:39 IST" duration-ms="5591" status="PASS">
          <reporter-output>
          </reporter-output>
        </test-method> <!-- initializeBrowser -->
        <test-method signature="userLoginWithInvalidUsernameAndInvalidPassword()[pri:4, instance:testscript.LoginTest@4c12331b]" started-at="2025-02-21T13:51:39 IST" name="userLoginWithInvalidUsernameAndInvalidPassword" description="User login invalid username and invalid password" finished-at="2025-02-21T13:51:40 IST" duration-ms="990" status="PASS">
          <reporter-output>
          </reporter-output>
        </test-method> <!-- userLoginWithInvalidUsernameAndInvalidPassword -->
        <test-method is-config="true" signature="driverCloseAndQuit()[pri:0, instance:testscript.LoginTest@4c12331b]" started-at="2025-02-21T13:51:40 IST" name="driverCloseAndQuit" finished-at="2025-02-21T13:51:40 IST" duration-ms="2" status="PASS">
          <reporter-output>
          </reporter-output>
        </test-method> <!-- driverCloseAndQuit -->
      </class> <!-- testscript.LoginTest -->
    </test> <!-- Test -->
  </suite> <!-- Suite -->
</testng-results>
