<?xml version="1.0" encoding="UTF-8"?>
<testng-results ignored="0" total="4" passed="4" failed="0" skipped="0">
  <reporter-output>
  </reporter-output>
  <suite started-at="2025-03-05T14:42:51 IST" name="Suite" finished-at="2025-03-05T14:43:46 IST" duration-ms="55106">
    <groups>
    </groups>
    <test started-at="2025-03-05T14:42:51 IST" name="Test" finished-at="2025-03-05T14:43:46 IST" duration-ms="55106">
      <class name="testscript.LoginTest">
        <test-method is-config="true" signature="initializeBrowser(java.lang.String)[pri:0, instance:testscript.LoginTest@3cd3e762]" started-at="2025-03-05T14:42:51 IST" name="initializeBrowser" finished-at="2025-03-05T14:43:12 IST" duration-ms="20429" status="PASS">
          <params>
            <param index="0">
              <value>
                <![CDATA[edge]]>
              </value>
            </param>
          </params>
          <reporter-output>
          </reporter-output>
        </test-method> <!-- initializeBrowser -->
        <test-method signature="userLoginWithValidCredentials()[pri:1, instance:testscript.LoginTest@3cd3e762]" started-at="2025-03-05T14:43:12 IST" name="userLoginWithValidCredentials" description="verify user is able to login to the application with valid credentials" finished-at="2025-03-05T14:43:18 IST" duration-ms="5768" status="PASS">
          <reporter-output>
          </reporter-output>
        </test-method> <!-- userLoginWithValidCredentials -->
        <test-method is-config="true" signature="driverQuit(org.testng.ITestResult)[pri:0, instance:testscript.LoginTest@3cd3e762]" started-at="2025-03-05T14:43:18 IST" name="driverQuit" finished-at="2025-03-05T14:43:20 IST" duration-ms="2704" status="PASS">
          <params>
            <param index="0">
              <value>
                <![CDATA[[TestResult name=userLoginWithValidCredentials status=SUCCESS method=LoginTest.userLoginWithValidCredentials()[pri:1, instance:testscript.LoginTest@3cd3e762] output={null}]]]>
              </value>
            </param>
          </params>
          <reporter-output>
          </reporter-output>
        </test-method> <!-- driverQuit -->
        <test-method is-config="true" signature="initializeBrowser(java.lang.String)[pri:0, instance:testscript.LoginTest@3cd3e762]" started-at="2025-03-05T14:43:20 IST" name="initializeBrowser" finished-at="2025-03-05T14:43:26 IST" duration-ms="5763" status="PASS">
          <params>
            <param index="0">
              <value>
                <![CDATA[edge]]>
              </value>
            </param>
          </params>
          <reporter-output>
          </reporter-output>
        </test-method> <!-- initializeBrowser -->
        <test-method signature="userLoginWithInvalidUsernameAndValidPassword()[pri:2, instance:testscript.LoginTest@3cd3e762]" started-at="2025-03-05T14:43:26 IST" name="userLoginWithInvalidUsernameAndValidPassword" description="verify whether the user is able to login to the application with Invalid Username And Valid Password" finished-at="2025-03-05T14:43:28 IST" duration-ms="1348" status="PASS">
          <reporter-output>
          </reporter-output>
        </test-method> <!-- userLoginWithInvalidUsernameAndValidPassword -->
        <test-method is-config="true" signature="driverQuit(org.testng.ITestResult)[pri:0, instance:testscript.LoginTest@3cd3e762]" started-at="2025-03-05T14:43:28 IST" name="driverQuit" finished-at="2025-03-05T14:43:30 IST" duration-ms="2104" status="PASS">
          <params>
            <param index="0">
              <value>
                <![CDATA[[TestResult name=userLoginWithInvalidUsernameAndValidPassword status=SUCCESS method=LoginTest.userLoginWithInvalidUsernameAndValidPassword()[pri:2, instance:testscript.LoginTest@3cd3e762] output={null}]]]>
              </value>
            </param>
          </params>
          <reporter-output>
          </reporter-output>
        </test-method> <!-- driverQuit -->
        <test-method is-config="true" signature="initializeBrowser(java.lang.String)[pri:0, instance:testscript.LoginTest@3cd3e762]" started-at="2025-03-05T14:43:30 IST" name="initializeBrowser" finished-at="2025-03-05T14:43:35 IST" duration-ms="4857" status="PASS">
          <params>
            <param index="0">
              <value>
                <![CDATA[edge]]>
              </value>
            </param>
          </params>
          <reporter-output>
          </reporter-output>
        </test-method> <!-- initializeBrowser -->
        <test-method signature="userLoginWithvalidUsernameAndInvalidPassword()[pri:3, instance:testscript.LoginTest@3cd3e762]" started-at="2025-03-05T14:43:35 IST" name="userLoginWithvalidUsernameAndInvalidPassword" description="verify whether the user is able to login to the application with valid Username And Invalid Password" finished-at="2025-03-05T14:43:36 IST" duration-ms="1280" status="PASS">
          <reporter-output>
          </reporter-output>
        </test-method> <!-- userLoginWithvalidUsernameAndInvalidPassword -->
        <test-method is-config="true" signature="driverQuit(org.testng.ITestResult)[pri:0, instance:testscript.LoginTest@3cd3e762]" started-at="2025-03-05T14:43:36 IST" name="driverQuit" finished-at="2025-03-05T14:43:38 IST" duration-ms="2338" status="PASS">
          <params>
            <param index="0">
              <value>
                <![CDATA[[TestResult name=userLoginWithvalidUsernameAndInvalidPassword status=SUCCESS method=LoginTest.userLoginWithvalidUsernameAndInvalidPassword()[pri:3, instance:testscript.LoginTest@3cd3e762] output={null}]]]>
              </value>
            </param>
          </params>
          <reporter-output>
          </reporter-output>
        </test-method> <!-- driverQuit -->
        <test-method is-config="true" signature="initializeBrowser(java.lang.String)[pri:0, instance:testscript.LoginTest@3cd3e762]" started-at="2025-03-05T14:43:38 IST" name="initializeBrowser" finished-at="2025-03-05T14:43:43 IST" duration-ms="4713" status="PASS">
          <params>
            <param index="0">
              <value>
                <![CDATA[edge]]>
              </value>
            </param>
          </params>
          <reporter-output>
          </reporter-output>
        </test-method> <!-- initializeBrowser -->
        <test-method signature="userLoginWithInvalidUsernameAndInvalidPassword()[pri:4, instance:testscript.LoginTest@3cd3e762]" started-at="2025-03-05T14:43:43 IST" name="userLoginWithInvalidUsernameAndInvalidPassword" description="verify whether the user is able to login to the application with Invalid Username And Invalid Password" finished-at="2025-03-05T14:43:44 IST" duration-ms="1485" status="PASS">
          <reporter-output>
          </reporter-output>
        </test-method> <!-- userLoginWithInvalidUsernameAndInvalidPassword -->
        <test-method is-config="true" signature="driverQuit(org.testng.ITestResult)[pri:0, instance:testscript.LoginTest@3cd3e762]" started-at="2025-03-05T14:43:44 IST" name="driverQuit" finished-at="2025-03-05T14:43:46 IST" duration-ms="2105" status="PASS">
          <params>
            <param index="0">
              <value>
                <![CDATA[[TestResult name=userLoginWithInvalidUsernameAndInvalidPassword status=SUCCESS method=LoginTest.userLoginWithInvalidUsernameAndInvalidPassword()[pri:4, instance:testscript.LoginTest@3cd3e762] output={null}]]]>
              </value>
            </param>
          </params>
          <reporter-output>
          </reporter-output>
        </test-method> <!-- driverQuit -->
      </class> <!-- testscript.LoginTest -->
    </test> <!-- Test -->
  </suite> <!-- Suite -->
</testng-results>
